<?xml version="1.0" encoding="UTF-8"?>
<testsuite xmlns:xsi="http://www.w3.org/2001/XMLSchema-instance" xsi:noNamespaceSchemaLocation="https://maven.apache.org/surefire/maven-surefire-plugin/xsd/surefire-test-report.xsd" version="3.0.2" name="org.fireflyframework.orchestration.unit.core.EventPublishingTest" time="0.066" tests="14" errors="0" skipped="0" failures="0">
  <properties>
[...]
</properties>
  <testcase name="workflow_stepWithOutputEventType_publishesStepEvent" classname="org.fireflyframework.orchestration.unit.core.EventPublishingTest" time="0.038">
    <system-out><![CDATA[11:37:31.327 [main] INFO org.fireflyframework.orchestration.workflow.registry.WorkflowRegistry -- [workflow-registry] Registered workflow 'wf-event'
]]></system-out>
  </testcase>
  <testcase name="saga_stepWithStepEvent_publishesStepEventWithMetadata" classname="org.fireflyframework.orchestration.unit.core.EventPublishingTest" time="0.002"/>
  <testcase name="orchestrationEvent_withAllRoutingFields_setsAllFields" classname="org.fireflyframework.orchestration.unit.core.EventPublishingTest" time="0.001"/>
  <testcase name="workflow_executionStartedAndCompleted_publishesLifecycleEvents" classname="org.fireflyframework.orchestration.unit.core.EventPublishingTest" time="0.004">
    <system-out><![CDATA[11:37:31.344 [main] INFO org.fireflyframework.orchestration.workflow.registry.WorkflowRegistry -- [workflow-registry] Registered workflow 'wf-test'
]]></system-out>
  </testcase>
  <testcase name="workflow_failedExecution_publishesCompletedWithFailedStatus" classname="org.fireflyframework.orchestration.unit.core.EventPublishingTest" time="0.002">
    <system-out><![CDATA[11:37:31.349 [main] INFO org.fireflyframework.orchestration.workflow.registry.WorkflowRegistry -- [workflow-registry] Registered workflow 'wf-fail'
]]></system-out>
  </testcase>
  <testcase name="tcc_participantWithTccEvent_publishesEventOnConfirmSuccess" classname="org.fireflyframework.orchestration.unit.core.EventPublishingTest" time="0.003"/>
  <testcase name="orchestrationEvent_withTopic_setsTopicField" classname="org.fireflyframework.orchestration.unit.core.EventPublishingTest" time="0.001"/>
  <testcase name="orchestrationEvent_factoryMethods_defaultRoutingFieldsToNull" classname="org.fireflyframework.orchestration.unit.core.EventPublishingTest" time="0.002"/>
  <testcase name="tcc_executionStartedAndCompleted_publishesLifecycleEvents" classname="org.fireflyframework.orchestration.unit.core.EventPublishingTest" time="0.002"/>
  <testcase name="workflow_stepWithBlankOutputEventType_doesNotPublishStepEvent" classname="org.fireflyframework.orchestration.unit.core.EventPublishingTest" time="0.002">
    <system-out><![CDATA[11:37:31.360 [main] INFO org.fireflyframework.orchestration.workflow.registry.WorkflowRegistry -- [workflow-registry] Registered workflow 'wf-blank'
]]></system-out>
  </testcase>
  <testcase name="saga_stepWithoutStepEvent_doesNotPublishStepEvent" classname="org.fireflyframework.orchestration.unit.core.EventPublishingTest" time="0.001"/>
  <testcase name="saga_executionStartedAndCompleted_publishesLifecycleEvents" classname="org.fireflyframework.orchestration.unit.core.EventPublishingTest" time="0.001"/>
  <testcase name="saga_failedExecution_publishesCompletedWithFailedStatus" classname="org.fireflyframework.orchestration.unit.core.EventPublishingTest" time="0.002"/>
  <testcase name="tcc_failedTcc_publishesCompletedWithCorrectStatus" classname="org.fireflyframework.orchestration.unit.core.EventPublishingTest" time="0.001"/>
</testsuite>